%run 13-1.py
Time, min
[  0.           1.2244898    2.44897959   3.67346939   4.89795918
   6.12244898   7.34693878   8.57142857   9.79591837  11.02040816
  12.24489796  13.46938776  14.69387755  15.91836735  17.14285714
  18.36734694  19.59183673  20.81632653  22.04081633  23.26530612
  24.48979592  25.71428571  26.93877551  28.16326531  29.3877551
  30.6122449   31.83673469  33.06122449  34.28571429  35.51020408
  36.73469388  37.95918367  39.18367347  40.40816327  41.63265306
  42.85714286  44.08163265  45.30612245  46.53061224  47.75510204
  48.97959184  50.20408163  51.42857143  52.65306122  53.87755102
  55.10204082  56.32653061  57.55102041  58.7755102   60.        ]
V(t), L
[   0.           11.02040816   22.04081633   33.06122449   44.08163265
   55.10204082   66.12244898   77.14285714   88.16326531   99.18367347
  110.20408163  121.2244898   132.24489796  143.26530612  154.28571429
  165.30612245  176.32653061  187.34693878  198.36734694  209.3877551
  220.40816327  231.42857143  242.44897959  253.46938776  264.48979592
  275.51020408  286.53061224  297.55102041  308.57142857  319.59183673
  330.6122449   341.63265306  352.65306122  363.67346939  374.69387755
  385.71428571  396.73469388  407.75510204  418.7755102   429.79591837
  440.81632653  451.83673469  462.85714286  473.87755102  484.89795918
  495.91836735  506.93877551  517.95918367  528.97959184  540.        ]
