%run 13-2.py
Time, min
[  0.           1.2244898    2.44897959   3.67346939   4.89795918
   6.12244898   7.34693878   8.57142857   9.79591837  11.02040816
  12.24489796  13.46938776  14.69387755  15.91836735  17.14285714
  18.36734694  19.59183673  20.81632653  22.04081633  23.26530612
  24.48979592  25.71428571  26.93877551  28.16326531  29.3877551
  30.6122449   31.83673469  33.06122449  34.28571429  35.51020408
  36.73469388  37.95918367  39.18367347  40.40816327  41.63265306
  42.85714286  44.08163265  45.30612245  46.53061224  47.75510204
  48.97959184  50.20408163  51.42857143  52.65306122  53.87755102
  55.10204082  56.32653061  57.55102041  58.7755102   60.        ]
h(t), m
[ 0.          0.04897959  0.09795918  0.14693878  0.19591837  0.24489796
  0.29387755  0.34285714  0.39183673  0.44081633  0.48979592  0.53877551
  0.5877551   0.63673469  0.68571429  0.73469388  0.78367347  0.83265306
  0.88163265  0.93061224  0.97959184  1.02857143  1.07755102  1.12653061
  1.1755102   1.2244898   1.27346939  1.32244898  1.37142857  1.42040816
  1.46938776  1.51836735  1.56734694  1.61632653  1.66530612  1.71428571
  1.76326531  1.8122449   1.86122449  1.91020408  1.95918367  2.00816327
  2.05714286  2.10612245  2.15510204  2.20408163  2.25306122  2.30204082
  2.35102041  2.4       ]
