%run 47-2.py
dXdt/-dSdt
[ 0.5  0.5  0.5  0.5  0.5  0.5  0.5  0.5  0.5  0.5  0.5  0.5  0.5  0.5  0.5
  0.5  0.5  0.5  0.5  0.5  0.5  0.5  0.5  0.5  0.5  0.5  0.5  0.5  0.5  0.5
  0.5  0.5  0.5  0.5  0.5  0.5  0.5  0.5  0.5  0.5  0.5  0.5  0.5  0.5  0.5
  0.5  0.5  0.5  0.5  0.5]
dPdt/dXdt
[ 0.1  0.1  0.1  0.1  0.1  0.1  0.1  0.1  0.1  0.1  0.1  0.1  0.1  0.1  0.1
  0.1  0.1  0.1  0.1  0.1  0.1  0.1  0.1  0.1  0.1  0.1  0.1  0.1  0.1  0.1
  0.1  0.1  0.1  0.1  0.1  0.1  0.1  0.1  0.1  0.1  0.1  0.1  0.1  0.1  0.1
  0.1  0.1  0.1  0.1  0.1]
[ 10.1         10.0907222   10.08048887  10.06920183  10.05675279
  10.04302243  10.02787927  10.01117835   9.99275999   9.97244827
   9.9500494    9.92534991   9.89811484   9.86808549   9.83497707
   9.79847634   9.75823875   9.71388552   9.66500043   9.61112637
   9.55176168   9.48635625   9.41430745   9.33495584   9.24758092
   9.15139699   9.0455491    8.92910992   8.80107759   8.66037564
   8.50585617   8.33630875   8.15047853   7.9471003    7.72496067
   7.48301239   7.2205904    6.93784386   6.63667364   6.32301048
   6.01317522   5.7524179    5.62405315   5.6020254    5.60015176
   5.60001126   5.60000083   5.60000006   5.6          5.6       ]
