%run 12-1.py
i	F0		F1		FR
1	100.000		70.000		70.000
2	170.000		119.000		119.000
3	219.000		153.300		153.300
4	253.300		177.310		177.310
5	277.310		194.117		194.117
6	294.117		205.882		205.882
7	305.882		214.117		214.117
8	314.117		219.882		219.882
9	319.882		223.917		223.917
10	323.917		226.742		226.742
11	326.742		228.720		228.720
12	328.720		230.104		230.104
13	330.104		231.073		231.073
14	331.073		231.751		231.751
15	331.751		232.226		232.226
16	332.226		232.558		232.558
17	332.558		232.791		232.791
18	332.791		232.953		232.953
19	332.953		233.067		233.067
20	333.067		233.147		233.147
21	333.147		233.203		233.203
22	333.203		233.242		233.242
23	333.242		233.269		233.269
24	333.269		233.289		233.289
25	333.289		233.302		233.302
26	333.302		233.311		233.311
27	333.311		233.318		233.318
28	333.318		233.323		233.323
29	333.323		233.326		233.326
30	333.326		233.328		233.328
31	333.328		233.330		233.330
32	333.330		233.331		233.331
33	333.331		233.332		233.332
34	333.332		233.332		233.332
