%run 49-1.py
KM = 0.015
Vmax = 1.5e-05
Substrate balance:
[ 0.1  0.1  0.1  0.1  0.1  0.1  0.1  0.1  0.1  0.1  0.1  0.1  0.1  0.1  0.1
  0.1  0.1  0.1  0.1  0.1  0.1  0.1  0.1  0.1  0.1  0.1  0.1  0.1  0.1  0.1
  0.1  0.1  0.1  0.1  0.1  0.1  0.1  0.1  0.1  0.1  0.1  0.1  0.1  0.1  0.1
  0.1  0.1  0.1  0.1  0.1]
Enzyme balance:
[  1.00000000e-05   1.00000000e-05   1.00000000e-05   1.00000000e-05
   1.00000000e-05   1.00000000e-05   1.00000000e-05   1.00000000e-05
   1.00000000e-05   1.00000000e-05   1.00000000e-05   1.00000000e-05
   1.00000000e-05   1.00000000e-05   1.00000000e-05   1.00000000e-05
   1.00000000e-05   1.00000000e-05   1.00000000e-05   1.00000000e-05
   1.00000000e-05   1.00000000e-05   1.00000000e-05   1.00000000e-05
   1.00000000e-05   1.00000000e-05   1.00000000e-05   1.00000000e-05
   1.00000000e-05   1.00000000e-05   1.00000000e-05   1.00000000e-05
   1.00000000e-05   1.00000000e-05   1.00000000e-05   1.00000000e-05
   1.00000000e-05   1.00000000e-05   1.00000000e-05   1.00000000e-05
   1.00000000e-05   1.00000000e-05   1.00000000e-05   1.00000000e-05
   1.00000000e-05   1.00000000e-05   1.00000000e-05   1.00000000e-05
   1.00000000e-05   1.00000000e-05]
